# JRE version: OpenJDK Runtime Environment Temurin-21.0.10+7 (21.0.10+7) (build 21.0.10+7-LTS)
# Java VM: OpenJDK 64-Bit Server VM Temurin-21.0.10+7 (21.0.10+7-LTS, mixed mode, sharing, tiered, compressed oops, compressed class ptrs, g1 gc, windows-amd64)
GC Precious Log:
 CardTable entry size: 512
 Card Set container configuration: InlinePtr #cards 4 size 8 Array Of Cards #cards 32 size 80 Howl #buckets 8 coarsen threshold 7372 Howl Bitmap #cards 1024 size 144 coarsen threshold 921 Card regions per heap region 1 cards per card region 8192
 CPUs: 8 total, 8 available
 Memory: 7418M
 Large Page Support: Disabled
 NUMA Support: Disabled
 Compressed Oops: Enabled (Zero based)
 Heap Region Size: 4M
 Heap Min Capacity: 8M
 Heap Initial Capacity: 116M
 Heap Max Capacity: 8G
 Pre-touch: Disabled
 Parallel Workers: 8
 Concurrent Workers: 2
 Concurrent Refinement Workers: 8
 Periodic GC: Disabled
Heap:
 garbage-first heap   total 110592K, used 66301K [0x0000000600000000, 0x0000000800000000)
  region size 4096K, 4 young (16384K), 1 survivors (4096K)
 Metaspace       used 62158K, committed 64128K, reserved 1114112K
  class space    used 9131K, committed 10112K, reserved 1048576K
GC Heap History (20 events):
Event: 21.096 GC heap before
{Heap before GC invocations=6 (full 0):
 garbage-first heap   total 98304K, used 85620K [0x0000000600000000, 0x0000000800000000)
  region size 4096K, 17 young (69632K), 2 survivors (8192K)
 Metaspace       used 31034K, committed 31936K, reserved 1114112K
  class space    used 4486K, committed 4928K, reserved 1048576K
}
Event: 21.109 GC heap after
{Heap after GC invocations=7 (full 0):
 garbage-first heap   total 102400K, used 29093K [0x0000000600000000, 0x0000000800000000)
  region size 4096K, 3 young (12288K), 3 survivors (12288K)
 Metaspace       used 31034K, committed 31936K, reserved 1114112K
  class space    used 4486K, committed 4928K, reserved 1048576K
}
Event: 22.938 GC heap before
{Heap before GC invocations=7 (full 0):
 garbage-first heap   total 102400K, used 78245K [0x0000000600000000, 0x0000000800000000)
  region size 4096K, 15 young (61440K), 3 survivors (12288K)
 Metaspace       used 34448K, committed 35456K, reserved 1114112K
  class space    used 4821K, committed 5312K, reserved 1048576K
}
Event: 22.954 GC heap after
{Heap after GC invocations=8 (full 0):
 garbage-first heap   total 102400K, used 32253K [0x0000000600000000, 0x0000000800000000)
  region size 4096K, 1 young (4096K), 1 survivors (4096K)
 Metaspace       used 34448K, committed 35456K, reserved 1114112K
  class space    used 4821K, committed 5312K, reserved 1048576K
}
Event: 23.353 GC heap before
{Heap before GC invocations=8 (full 0):
 garbage-first heap   total 102400K, used 48637K [0x0000000600000000, 0x0000000800000000)
  region size 4096K, 6 young (24576K), 1 survivors (4096K)
 Metaspace       used 34932K, committed 35968K, reserved 1114112K
  class space    used 4903K, committed 5440K, reserved 1048576K
}
Event: 23.355 GC heap after
{Heap after GC invocations=9 (full 0):
 garbage-first heap   total 102400K, used 31432K [0x0000000600000000, 0x0000000800000000)
  region size 4096K, 1 young (4096K), 1 survivors (4096K)
 Metaspace       used 34932K, committed 35968K, reserved 1114112K
  class space    used 4903K, committed 5440K, reserved 1048576K
}
Event: 27.927 GC heap before
{Heap before GC invocations=10 (full 0):
 garbage-first heap   total 102400K, used 84680K [0x0000000600000000, 0x0000000800000000)
  region size 4096K, 14 young (57344K), 1 survivors (4096K)
 Metaspace       used 40733K, committed 42304K, reserved 1114112K
  class space    used 5904K, committed 6656K, reserved 1048576K
}
Event: 27.934 GC heap after
{Heap after GC invocations=11 (full 0):
 garbage-first heap   total 102400K, used 34912K [0x0000000600000000, 0x0000000800000000)
  region size 4096K, 2 young (8192K), 2 survivors (8192K)
 Metaspace       used 40733K, committed 42304K, reserved 1114112K
  class space    used 5904K, committed 6656K, reserved 1048576K
}
Event: 34.410 GC heap before
{Heap before GC invocations=11 (full 0):
 garbage-first heap   total 102400K, used 84064K [0x0000000600000000, 0x0000000800000000)
  region size 4096K, 14 young (57344K), 2 survivors (8192K)
 Metaspace       used 43544K, committed 45184K, reserved 1114112K
  class space    used 6383K, committed 7168K, reserved 1048576K
}
Event: 34.418 GC heap after
{Heap after GC invocations=12 (full 0):
 garbage-first heap   total 102400K, used 36639K [0x0000000600000000, 0x0000000800000000)
  region size 4096K, 2 young (8192K), 2 survivors (8192K)
 Metaspace       used 43544K, committed 45184K, reserved 1114112K
  class space    used 6383K, committed 7168K, reserved 1048576K
}
Event: 41.334 GC heap before
{Heap before GC invocations=12 (full 0):
 garbage-first heap   total 102400K, used 85791K [0x0000000600000000, 0x0000000800000000)
  region size 4096K, 14 young (57344K), 2 survivors (8192K)
 Metaspace       used 48281K, committed 50048K, reserved 1114112K
  class space    used 7135K, committed 8000K, reserved 1048576K
}
Event: 41.345 GC heap after
{Heap after GC invocations=13 (full 0):
 garbage-first heap   total 102400K, used 40198K [0x0000000600000000, 0x0000000800000000)
  region size 4096K, 2 young (8192K), 2 survivors (8192K)
 Metaspace       used 48281K, committed 50048K, reserved 1114112K
  class space    used 7135K, committed 8000K, reserved 1048576K
}
Event: 44.045 GC heap before
{Heap before GC invocations=13 (full 0):
 garbage-first heap   total 102400K, used 85254K [0x0000000600000000, 0x0000000800000000)
  region size 4096K, 13 young (53248K), 2 survivors (8192K)
 Metaspace       used 50940K, committed 52800K, reserved 1114112K
  class space    used 7542K, committed 8448K, reserved 1048576K
}
Event: 44.056 GC heap after
{Heap after GC invocations=14 (full 0):
 garbage-first heap   total 102400K, used 44364K [0x0000000600000000, 0x0000000800000000)
  region size 4096K, 2 young (8192K), 2 survivors (8192K)
 Metaspace       used 50940K, committed 52800K, reserved 1114112K
  class space    used 7542K, committed 8448K, reserved 1048576K
}
Event: 47.536 GC heap before
{Heap before GC invocations=14 (full 0):
 garbage-first heap   total 102400K, used 89420K [0x0000000600000000, 0x0000000800000000)
  region size 4096K, 13 young (53248K), 2 survivors (8192K)
 Metaspace       used 55038K, committed 56960K, reserved 1114112K
  class space    used 8153K, committed 9088K, reserved 1048576K
}
Event: 47.552 GC heap after
{Heap after GC invocations=15 (full 0):
 garbage-first heap   total 110592K, used 54895K [0x0000000600000000, 0x0000000800000000)
  region size 4096K, 2 young (8192K), 2 survivors (8192K)
 Metaspace       used 55038K, committed 56960K, reserved 1114112K
  class space    used 8153K, committed 9088K, reserved 1048576K
}
Event: 48.490 GC heap before
{Heap before GC invocations=15 (full 0):
 garbage-first heap   total 110592K, used 79471K [0x0000000600000000, 0x0000000800000000)
  region size 4096K, 9 young (36864K), 2 survivors (8192K)
 Metaspace       used 58249K, committed 60096K, reserved 1114112K
  class space    used 8575K, committed 9472K, reserved 1048576K
}
Event: 48.500 GC heap after
{Heap after GC invocations=16 (full 0):
 garbage-first heap   total 110592K, used 55872K [0x0000000600000000, 0x0000000800000000)
  region size 4096K, 1 young (4096K), 1 survivors (4096K)
 Metaspace       used 58249K, committed 60096K, reserved 1114112K
  class space    used 8575K, committed 9472K, reserved 1048576K
}
Event: 54.187 GC heap before
{Heap before GC invocations=17 (full 0):
 garbage-first heap   total 110592K, used 88640K [0x0000000600000000, 0x0000000800000000)
  region size 4096K, 10 young (40960K), 1 survivors (4096K)
 Metaspace       used 61373K, committed 63296K, reserved 1114112K
  class space    used 9035K, committed 9984K, reserved 1048576K
}
Event: 54.193 GC heap after
{Heap after GC invocations=18 (full 0):
 garbage-first heap   total 110592K, used 58109K [0x0000000600000000, 0x0000000800000000)
  region size 4096K, 1 young (4096K), 1 survivors (4096K)
 Metaspace       used 61373K, committed 63296K, reserved 1114112K
  class space    used 9035K, committed 9984K, reserved 1048576K
}

